<?xml version="1.0" encoding="UTF-8"?>
<testsuite xmlns:xsi="http://www.w3.org/2001/XMLSchema-instance" xsi:noNamespaceSchemaLocation="https://maven.apache.org/surefire/maven-surefire-plugin/xsd/surefire-test-report.xsd" name="com.thales.thalestestrest.business.EmployeeServiceTest" time="0.748" tests="4" errors="0" skipped="0" failures="0">
  <properties>
[...]
</properties>
  <testcase name="testToDTO_Employee" classname="com.thales.thalestestrest.business.EmployeeServiceTest" time="0.463"/>
  <testcase name="testGetAllEmployeeInfo" classname="com.thales.thalestestrest.business.EmployeeServiceTest" time="0.012"/>
  <testcase name="testToDTO_List" classname="com.thales.thalestestrest.business.EmployeeServiceTest" time="0.027"/>
  <testcase name="testGetEmployeeInformation" classname="com.thales.thalestestrest.business.EmployeeServiceTest" time="0.006"/>
</testsuite>